2019-02-18 10:09:24
<xml><ToUserName><![CDATA[gh_a21ca4a792c3]]></ToUserName>
<FromUserName><![CDATA[oYI0f1BcTBUBDlA5NLaqWl3mt1Ws]]></FromUserName>
<CreateTime>1550454449</CreateTime>
<MsgType><![CDATA[event]]></MsgType>
<Event><![CDATA[subscribe]]></Event>
<EventKey><![CDATA[]]></EventKey>
</xml>
<<<<<<<2019-02-18 10:09:56
<xml><ToUserName><![CDATA[gh_a21ca4a792c3]]></ToUserName>
<FromUserName><![CDATA[oYI0f1BcTBUBDlA5NLaqWl3mt1Ws]]></FromUserName>
<CreateTime>1550454449</CreateTime>
<MsgType><![CDATA[event]]></MsgType>
<Event><![CDATA[subscribe]]></Event>
<EventKey><![CDATA[]]></EventKey>
</xml>
<<<<<<<2019-02-18 10:10:01

<<<<<<<2019-02-18 10:10:06

<<<<<<<2019-02-18 10:10:19

<<<<<<<2019-02-18 10:14:36
<xml><ToUserName><![CDATA[gh_a21ca4a792c3]]></ToUserName>
<FromUserName><![CDATA[oYI0f1BcTBUBDlA5NLaqWl3mt1Ws]]></FromUserName>
<CreateTime>1550454449</CreateTime>
<MsgType><![CDATA[event]]></MsgType>
<Event><![CDATA[subscribe]]></Event>
<EventKey><![CDATA[]]></EventKey>
</xml>
<<<<<<<2019-02-18 16:25:09
<xml><ToUserName><![CDATA[gh_a21ca4a792c3]]></ToUserName>
<FromUserName><![CDATA[oYI0f1BcTBUBDlA5NLaqWl3mt1Ws]]></FromUserName>
<CreateTime>1550462711</CreateTime>
<MsgType><![CDATA[event]]></MsgType>
<Event><![CDATA[subscribe]]></Event>
<EventKey><![CDATA[]]></EventKey>
</xml>
<<<<<<<2019-02-19 14:14:12
<xml><ToUserName><![CDATA[gh_a21ca4a792c3]]></ToUserName>
<FromUserName><![CDATA[oYI0f1BcTBUBDlA5NLaqWl3mt1Ws]]></FromUserName>
<CreateTime>1550556524</CreateTime>
<MsgType><![CDATA[event]]></MsgType>
<Event><![CDATA[CLICK]]></Event>
<EventKey><![CDATA[get_content]]></EventKey>
</xml>
<<<<<<<2019-02-19 14:45:43
<xml><ToUserName><![CDATA[gh_a21ca4a792c3]]></ToUserName>
<FromUserName><![CDATA[oYI0f1BcTBUBDlA5NLaqWl3mt1Ws]]></FromUserName>
<CreateTime>1550556524</CreateTime>
<MsgType><![CDATA[event]]></MsgType>
<Event><![CDATA[CLICK]]></Event>
<EventKey><![CDATA[get_content]]></EventKey>
</xml>
<<<<<<<2019-02-19 14:52:46
<xml><ToUserName><![CDATA[gh_a21ca4a792c3]]></ToUserName>
<FromUserName><![CDATA[oYI0f1BcTBUBDlA5NLaqWl3mt1Ws]]></FromUserName>
<CreateTime>1550559138</CreateTime>
<MsgType><![CDATA[event]]></MsgType>
<Event><![CDATA[CLICK]]></Event>
<EventKey><![CDATA[get_content]]></EventKey>
</xml>
<<<<<<<2019-02-19 14:56:01
<xml><ToUserName><![CDATA[gh_a21ca4a792c3]]></ToUserName>
<FromUserName><![CDATA[oYI0f1BcTBUBDlA5NLaqWl3mt1Ws]]></FromUserName>
<CreateTime>1550559138</CreateTime>
<MsgType><![CDATA[event]]></MsgType>
<Event><![CDATA[CLICK]]></Event>
<EventKey><![CDATA[get_content]]></EventKey>
</xml>
<<<<<<<2019-02-19 14:56:49
<xml><ToUserName><![CDATA[gh_a21ca4a792c3]]></ToUserName>
<FromUserName><![CDATA[oYI0f1BcTBUBDlA5NLaqWl3mt1Ws]]></FromUserName>
<CreateTime>1550559138</CreateTime>
<MsgType><![CDATA[event]]></MsgType>
<Event><![CDATA[CLICK]]></Event>
<EventKey><![CDATA[get_content]]></EventKey>
</xml>
<<<<<<<2019-02-19 14:58:44
<xml><ToUserName><![CDATA[gh_a21ca4a792c3]]></ToUserName>
<FromUserName><![CDATA[oYI0f1BcTBUBDlA5NLaqWl3mt1Ws]]></FromUserName>
<CreateTime>1550559506</CreateTime>
<MsgType><![CDATA[event]]></MsgType>
<Event><![CDATA[CLICK]]></Event>
<EventKey><![CDATA[get_content]]></EventKey>
</xml>
<<<<<<<2019-02-19 14:59:46
<xml><ToUserName><![CDATA[gh_a21ca4a792c3]]></ToUserName>
<FromUserName><![CDATA[oYI0f1BcTBUBDlA5NLaqWl3mt1Ws]]></FromUserName>
<CreateTime>1550559506</CreateTime>
<MsgType><![CDATA[event]]></MsgType>
<Event><![CDATA[CLICK]]></Event>
<EventKey><![CDATA[get_content]]></EventKey>
</xml>
<<<<<<<2019-02-19 15:07:27
<xml><ToUserName><![CDATA[gh_a21ca4a792c3]]></ToUserName>
<FromUserName><![CDATA[oYI0f1BcTBUBDlA5NLaqWl3mt1Ws]]></FromUserName>
<CreateTime>1550559506</CreateTime>
<MsgType><![CDATA[event]]></MsgType>
<Event><![CDATA[CLICK]]></Event>
<EventKey><![CDATA[get_content]]></EventKey>
</xml>
<<<<<<<2019-02-19 15:12:11
<xml><ToUserName><![CDATA[gh_a21ca4a792c3]]></ToUserName>
<FromUserName><![CDATA[oYI0f1BcTBUBDlA5NLaqWl3mt1Ws]]></FromUserName>
<CreateTime>1550559506</CreateTime>
<MsgType><![CDATA[event]]></MsgType>
<Event><![CDATA[CLICK]]></Event>
<EventKey><![CDATA[get_content]]></EventKey>
</xml>
<<<<<<<2019-02-19 16:18:20
<xml><ToUserName><![CDATA[gh_a21ca4a792c3]]></ToUserName>
<FromUserName><![CDATA[oYI0f1BcTBUBDlA5NLaqWl3mt1Ws]]></FromUserName>
<CreateTime>1550563044</CreateTime>
<MsgType><![CDATA[text]]></MsgType>
<Content><![CDATA[abc]]></Content>
<MsgId>22198724815115717</MsgId>
</xml>
<<<<<<<2019-02-19 18:53:47
我们已经收到你的图片啦！
<<<<<<<