2019-02-27 13:57:55

<<<<<<<2019-02-27 13:58:32

<<<<<<<2019-02-27 13:58:47

<<<<<<<2019-02-27 14:04:14
<xml><appid><![CDATA[wxd5af665b240b75d4]]></appid>
<bank_type><![CDATA[CFT]]></bank_type>
<cash_fee><![CDATA[1]]></cash_fee>
<fee_type><![CDATA[CNY]]></fee_type>
<is_subscribe><![CDATA[N]]></is_subscribe>
<mch_id><![CDATA[1500086022]]></mch_id>
<nonce_str><![CDATA[sdb7BgIuJ6Uy1gK9]]></nonce_str>
<openid><![CDATA[osZaFw1LStxCg2OqZ7MLMdEgnSP0]]></openid>
<out_trade_no><![CDATA[190227115718158124157]]></out_trade_no>
<result_code><![CDATA[SUCCESS]]></result_code>
<return_code><![CDATA[SUCCESS]]></return_code>
<sign><![CDATA[A0680E3FCC0AA120832345589515F30D]]></sign>
<time_end><![CDATA[20190227115738]]></time_end>
<total_fee>1</total_fee>
<trade_type><![CDATA[NATIVE]]></trade_type>
<transaction_id><![CDATA[4200000255201902272651622455]]></transaction_id>
</xml>
<<<<<<<2019-02-27 14:05:54
<xml><appid><![CDATA[wxd5af665b240b75d4]]></appid>
<bank_type><![CDATA[CFT]]></bank_type>
<cash_fee><![CDATA[1]]></cash_fee>
<fee_type><![CDATA[CNY]]></fee_type>
<is_subscribe><![CDATA[N]]></is_subscribe>
<mch_id><![CDATA[1500086022]]></mch_id>
<nonce_str><![CDATA[sdb7BgIuJ6Uy1gK9]]></nonce_str>
<openid><![CDATA[osZaFw1LStxCg2OqZ7MLMdEgnSP0]]></openid>
<out_trade_no><![CDATA[190227115718158124157]]></out_trade_no>
<result_code><![CDATA[SUCCESS]]></result_code>
<return_code><![CDATA[SUCCESS]]></return_code>
<sign><![CDATA[A0680E3FCC0AA120832345589515F30D]]></sign>
<time_end><![CDATA[20190227115738]]></time_end>
<total_fee>1</total_fee>
<trade_type><![CDATA[NATIVE]]></trade_type>
<transaction_id><![CDATA[4200000255201902272651622455]]></transaction_id>
</xml>
<<<<<<<2019-02-27 14:08:10
<xml><appid><![CDATA[wxd5af665b240b75d4]]></appid>
<bank_type><![CDATA[CFT]]></bank_type>
<cash_fee><![CDATA[1]]></cash_fee>
<fee_type><![CDATA[CNY]]></fee_type>
<is_subscribe><![CDATA[N]]></is_subscribe>
<mch_id><![CDATA[1500086022]]></mch_id>
<nonce_str><![CDATA[sdb7BgIuJ6Uy1gK9]]></nonce_str>
<openid><![CDATA[osZaFw1LStxCg2OqZ7MLMdEgnSP0]]></openid>
<out_trade_no><![CDATA[190227115718158124157]]></out_trade_no>
<result_code><![CDATA[SUCCESS]]></result_code>
<return_code><![CDATA[SUCCESS]]></return_code>
<sign><![CDATA[A0680E3FCC0AA120832345589515F30D]]></sign>
<time_end><![CDATA[20190227115738]]></time_end>
<total_fee>1</total_fee>
<trade_type><![CDATA[NATIVE]]></trade_type>
<transaction_id><![CDATA[4200000255201902272651622455]]></transaction_id>
</xml>
<<<<<<<2019-02-27 14:08:19
<xml><appid><![CDATA[wxd5af665b240b75d4]]></appid>
<bank_type><![CDATA[CFT]]></bank_type>
<cash_fee><![CDATA[1]]></cash_fee>
<fee_type><![CDATA[CNY]]></fee_type>
<is_subscribe><![CDATA[N]]></is_subscribe>
<mch_id><![CDATA[1500086022]]></mch_id>
<nonce_str><![CDATA[sdb7BgIuJ6Uy1gK9]]></nonce_str>
<openid><![CDATA[osZaFw1LStxCg2OqZ7MLMdEgnSP0]]></openid>
<out_trade_no><![CDATA[190227115718158124157]]></out_trade_no>
<result_code><![CDATA[SUCCESS]]></result_code>
<return_code><![CDATA[SUCCESS]]></return_code>
<sign><![CDATA[A0680E3FCC0AA120832345589515F30D]]></sign>
<time_end><![CDATA[20190227115738]]></time_end>
<total_fee>1</total_fee>
<trade_type><![CDATA[NATIVE]]></trade_type>
<transaction_id><![CDATA[4200000255201902272651622455]]></transaction_id>
</xml>
<<<<<<<2019-02-27 14:08:37
<xml><appid><![CDATA[wxd5af665b240b75d4]]></appid>
<bank_type><![CDATA[CFT]]></bank_type>
<cash_fee><![CDATA[1]]></cash_fee>
<fee_type><![CDATA[CNY]]></fee_type>
<is_subscribe><![CDATA[N]]></is_subscribe>
<mch_id><![CDATA[1500086022]]></mch_id>
<nonce_str><![CDATA[sdb7BgIuJ6Uy1gK9]]></nonce_str>
<openid><![CDATA[osZaFw1LStxCg2OqZ7MLMdEgnSP0]]></openid>
<out_trade_no><![CDATA[190227115718158124157]]></out_trade_no>
<result_code><![CDATA[SUCCESS]]></result_code>
<return_code><![CDATA[SUCCESS]]></return_code>
<sign><![CDATA[A0680E3FCC0AA120832345589515F30D]]></sign>
<time_end><![CDATA[20190227115738]]></time_end>
<total_fee>1</total_fee>
<trade_type><![CDATA[NATIVE]]></trade_type>
<transaction_id><![CDATA[4200000255201902272651622455]]></transaction_id>
</xml>
<<<<<<<2019-02-27 14:09:02
<xml><appid><![CDATA[wxd5af665b240b75d4]]></appid>
<bank_type><![CDATA[CFT]]></bank_type>
<cash_fee><![CDATA[1]]></cash_fee>
<fee_type><![CDATA[CNY]]></fee_type>
<is_subscribe><![CDATA[N]]></is_subscribe>
<mch_id><![CDATA[1500086022]]></mch_id>
<nonce_str><![CDATA[sdb7BgIuJ6Uy1gK9]]></nonce_str>
<openid><![CDATA[osZaFw1LStxCg2OqZ7MLMdEgnSP0]]></openid>
<out_trade_no><![CDATA[190227115718158124157]]></out_trade_no>
<result_code><![CDATA[SUCCESS]]></result_code>
<return_code><![CDATA[SUCCESS]]></return_code>
<sign><![CDATA[A0680E3FCC0AA120832345589515F30D]]></sign>
<time_end><![CDATA[20190227115738]]></time_end>
<total_fee>1</total_fee>
<trade_type><![CDATA[NATIVE]]></trade_type>
<transaction_id><![CDATA[4200000255201902272651622455]]></transaction_id>
</xml>
<<<<<<<2019-02-27 14:09:08
<xml><appid><![CDATA[wxd5af665b240b75d4]]></appid>
<bank_type><![CDATA[CFT]]></bank_type>
<cash_fee><![CDATA[1]]></cash_fee>
<fee_type><![CDATA[CNY]]></fee_type>
<is_subscribe><![CDATA[N]]></is_subscribe>
<mch_id><![CDATA[1500086022]]></mch_id>
<nonce_str><![CDATA[sdb7BgIuJ6Uy1gK9]]></nonce_str>
<openid><![CDATA[osZaFw1LStxCg2OqZ7MLMdEgnSP0]]></openid>
<out_trade_no><![CDATA[190227115718158124157]]></out_trade_no>
<result_code><![CDATA[SUCCESS]]></result_code>
<return_code><![CDATA[SUCCESS]]></return_code>
<sign><![CDATA[A0680E3FCC0AA120832345589515F30D]]></sign>
<time_end><![CDATA[20190227115738]]></time_end>
<total_fee>1</total_fee>
<trade_type><![CDATA[NATIVE]]></trade_type>
<transaction_id><![CDATA[4200000255201902272651622455]]></transaction_id>
</xml>
<<<<<<<2019-02-27 14:09:22
<xml><appid><![CDATA[wxd5af665b240b75d4]]></appid>
<bank_type><![CDATA[CFT]]></bank_type>
<cash_fee><![CDATA[1]]></cash_fee>
<fee_type><![CDATA[CNY]]></fee_type>
<is_subscribe><![CDATA[N]]></is_subscribe>
<mch_id><![CDATA[1500086022]]></mch_id>
<nonce_str><![CDATA[sdb7BgIuJ6Uy1gK9]]></nonce_str>
<openid><![CDATA[osZaFw1LStxCg2OqZ7MLMdEgnSP0]]></openid>
<out_trade_no><![CDATA[190227115718158124157]]></out_trade_no>
<result_code><![CDATA[SUCCESS]]></result_code>
<return_code><![CDATA[SUCCESS]]></return_code>
<sign><![CDATA[A0680E3FCC0AA120832345589515F30D]]></sign>
<time_end><![CDATA[20190227115738]]></time_end>
<total_fee>1</total_fee>
<trade_type><![CDATA[NATIVE]]></trade_type>
<transaction_id><![CDATA[4200000255201902272651622455]]></transaction_id>
</xml>
<<<<<<<2019-02-27 14:10:23
<xml><appid><![CDATA[wxd5af665b240b75d4]]></appid>
<bank_type><![CDATA[CFT]]></bank_type>
<cash_fee><![CDATA[1]]></cash_fee>
<fee_type><![CDATA[CNY]]></fee_type>
<is_subscribe><![CDATA[N]]></is_subscribe>
<mch_id><![CDATA[1500086022]]></mch_id>
<nonce_str><![CDATA[sdb7BgIuJ6Uy1gK9]]></nonce_str>
<openid><![CDATA[osZaFw1LStxCg2OqZ7MLMdEgnSP0]]></openid>
<out_trade_no><![CDATA[190227115718158124157]]></out_trade_no>
<result_code><![CDATA[SUCCESS]]></result_code>
<return_code><![CDATA[SUCCESS]]></return_code>
<sign><![CDATA[A0680E3FCC0AA120832345589515F30D]]></sign>
<time_end><![CDATA[20190227115738]]></time_end>
<total_fee>1</total_fee>
<trade_type><![CDATA[NATIVE]]></trade_type>
<transaction_id><![CDATA[4200000255201902272651622455]]></transaction_id>
</xml>
<<<<<<<2019-02-27 14:12:21
<xml><appid><![CDATA[wxd5af665b240b75d4]]></appid>
<bank_type><![CDATA[CFT]]></bank_type>
<cash_fee><![CDATA[1]]></cash_fee>
<fee_type><![CDATA[CNY]]></fee_type>
<is_subscribe><![CDATA[N]]></is_subscribe>
<mch_id><![CDATA[1500086022]]></mch_id>
<nonce_str><![CDATA[sdb7BgIuJ6Uy1gK9]]></nonce_str>
<openid><![CDATA[osZaFw1LStxCg2OqZ7MLMdEgnSP0]]></openid>
<out_trade_no><![CDATA[190227115718158124157]]></out_trade_no>
<result_code><![CDATA[SUCCESS]]></result_code>
<return_code><![CDATA[SUCCESS]]></return_code>
<sign><![CDATA[A0680E3FCC0AA120832345589515F30D]]></sign>
<time_end><![CDATA[20190227115738]]></time_end>
<total_fee>1</total_fee>
<trade_type><![CDATA[NATIVE]]></trade_type>
<transaction_id><![CDATA[4200000255201902272651622455]]></transaction_id>
</xml>
<<<<<<<2019-02-27 14:12:40
<xml><appid><![CDATA[wxd5af665b240b75d4]]></appid>
<bank_type><![CDATA[CFT]]></bank_type>
<cash_fee><![CDATA[1]]></cash_fee>
<fee_type><![CDATA[CNY]]></fee_type>
<is_subscribe><![CDATA[N]]></is_subscribe>
<mch_id><![CDATA[1500086022]]></mch_id>
<nonce_str><![CDATA[sdb7BgIuJ6Uy1gK9]]></nonce_str>
<openid><![CDATA[osZaFw1LStxCg2OqZ7MLMdEgnSP0]]></openid>
<out_trade_no><![CDATA[190227115718158124157]]></out_trade_no>
<result_code><![CDATA[SUCCESS]]></result_code>
<return_code><![CDATA[SUCCESS]]></return_code>
<sign><![CDATA[A0680E3FCC0AA120832345589515F30D]]></sign>
<time_end><![CDATA[20190227115738]]></time_end>
<total_fee>1</total_fee>
<trade_type><![CDATA[NATIVE]]></trade_type>
<transaction_id><![CDATA[4200000255201902272651622455]]></transaction_id>
</xml>
<<<<<<<2019-02-27 14:13:34
<xml><appid><![CDATA[wxd5af665b240b75d4]]></appid>
<bank_type><![CDATA[CFT]]></bank_type>
<cash_fee><![CDATA[1]]></cash_fee>
<fee_type><![CDATA[CNY]]></fee_type>
<is_subscribe><![CDATA[N]]></is_subscribe>
<mch_id><![CDATA[1500086022]]></mch_id>
<nonce_str><![CDATA[sdb7BgIuJ6Uy1gK9]]></nonce_str>
<openid><![CDATA[osZaFw1LStxCg2OqZ7MLMdEgnSP0]]></openid>
<out_trade_no><![CDATA[190227115718158124157]]></out_trade_no>
<result_code><![CDATA[SUCCESS]]></result_code>
<return_code><![CDATA[SUCCESS]]></return_code>
<sign><![CDATA[A0680E3FCC0AA120832345589515F30D]]></sign>
<time_end><![CDATA[20190227115738]]></time_end>
<total_fee>1</total_fee>
<trade_type><![CDATA[NATIVE]]></trade_type>
<transaction_id><![CDATA[4200000255201902272651622455]]></transaction_id>
</xml>
<<<<<<<2019-02-27 14:14:49
<xml><appid><![CDATA[wxd5af665b240b75d4]]></appid>
<bank_type><![CDATA[CFT]]></bank_type>
<cash_fee><![CDATA[1]]></cash_fee>
<fee_type><![CDATA[CNY]]></fee_type>
<is_subscribe><![CDATA[N]]></is_subscribe>
<mch_id><![CDATA[1500086022]]></mch_id>
<nonce_str><![CDATA[sdb7BgIuJ6Uy1gK9]]></nonce_str>
<openid><![CDATA[osZaFw1LStxCg2OqZ7MLMdEgnSP0]]></openid>
<out_trade_no><![CDATA[190227115718158124157]]></out_trade_no>
<result_code><![CDATA[SUCCESS]]></result_code>
<return_code><![CDATA[SUCCESS]]></return_code>
<sign><![CDATA[A0680E3FCC0AA120832345589515F30D]]></sign>
<time_end><![CDATA[20190227115738]]></time_end>
<total_fee>1</total_fee>
<trade_type><![CDATA[NATIVE]]></trade_type>
<transaction_id><![CDATA[4200000255201902272651622455]]></transaction_id>
</xml>
<<<<<<<2019-02-27 14:55:45
<xml><appid><![CDATA[wxd5af665b240b75d4]]></appid>
<bank_type><![CDATA[CFT]]></bank_type>
<cash_fee><![CDATA[1]]></cash_fee>
<fee_type><![CDATA[CNY]]></fee_type>
<is_subscribe><![CDATA[N]]></is_subscribe>
<mch_id><![CDATA[1500086022]]></mch_id>
<nonce_str><![CDATA[sdb7BgIuJ6Uy1gK9]]></nonce_str>
<openid><![CDATA[osZaFw1LStxCg2OqZ7MLMdEgnSP0]]></openid>
<out_trade_no><![CDATA[190227115718158124157]]></out_trade_no>
<result_code><![CDATA[SUCCESS]]></result_code>
<return_code><![CDATA[SUCCESS]]></return_code>
<sign><![CDATA[A0680E3FCC0AA120832345589515F30D]]></sign>
<time_end><![CDATA[20190227115738]]></time_end>
<total_fee>1</total_fee>
<trade_type><![CDATA[NATIVE]]></trade_type>
<transaction_id><![CDATA[4200000255201902272651622455]]></transaction_id>
</xml>
<<<<<<<2019-02-27 14:56:08
<xml><appid><![CDATA[wxd5af665b240b75d4]]></appid>
<bank_type><![CDATA[CFT]]></bank_type>
<cash_fee><![CDATA[1]]></cash_fee>
<fee_type><![CDATA[CNY]]></fee_type>
<is_subscribe><![CDATA[N]]></is_subscribe>
<mch_id><![CDATA[1500086022]]></mch_id>
<nonce_str><![CDATA[sdb7BgIuJ6Uy1gK9]]></nonce_str>
<openid><![CDATA[osZaFw1LStxCg2OqZ7MLMdEgnSP0]]></openid>
<out_trade_no><![CDATA[190227115718158124157]]></out_trade_no>
<result_code><![CDATA[SUCCESS]]></result_code>
<return_code><![CDATA[SUCCESS]]></return_code>
<sign><![CDATA[A0680E3FCC0AA120832345589515F30D]]></sign>
<time_end><![CDATA[20190227115738]]></time_end>
<total_fee>1</total_fee>
<trade_type><![CDATA[NATIVE]]></trade_type>
<transaction_id><![CDATA[4200000255201902272651622455]]></transaction_id>
</xml>
<<<<<<<2019-02-27 14:57:28
<xml><appid><![CDATA[wxd5af665b240b75d4]]></appid>
<bank_type><![CDATA[CFT]]></bank_type>
<cash_fee><![CDATA[1]]></cash_fee>
<fee_type><![CDATA[CNY]]></fee_type>
<is_subscribe><![CDATA[N]]></is_subscribe>
<mch_id><![CDATA[1500086022]]></mch_id>
<nonce_str><![CDATA[sdb7BgIuJ6Uy1gK9]]></nonce_str>
<openid><![CDATA[osZaFw1LStxCg2OqZ7MLMdEgnSP0]]></openid>
<out_trade_no><![CDATA[190227115718158124157]]></out_trade_no>
<result_code><![CDATA[SUCCESS]]></result_code>
<return_code><![CDATA[SUCCESS]]></return_code>
<sign><![CDATA[A0680E3FCC0AA120832345589515F30D]]></sign>
<time_end><![CDATA[20190227115738]]></time_end>
<total_fee>1</total_fee>
<trade_type><![CDATA[NATIVE]]></trade_type>
<transaction_id><![CDATA[4200000255201902272651622455]]></transaction_id>
</xml>
<<<<<<<2019-02-27 14:58:18
<xml><appid><![CDATA[wxd5af665b240b75d4]]></appid>
<bank_type><![CDATA[CFT]]></bank_type>
<cash_fee><![CDATA[1]]></cash_fee>
<fee_type><![CDATA[CNY]]></fee_type>
<is_subscribe><![CDATA[N]]></is_subscribe>
<mch_id><![CDATA[1500086022]]></mch_id>
<nonce_str><![CDATA[sdb7BgIuJ6Uy1gK9]]></nonce_str>
<openid><![CDATA[osZaFw1LStxCg2OqZ7MLMdEgnSP0]]></openid>
<out_trade_no><![CDATA[190227115718158124157]]></out_trade_no>
<result_code><![CDATA[SUCCESS]]></result_code>
<return_code><![CDATA[SUCCESS]]></return_code>
<sign><![CDATA[A0680E3FCC0AA120832345589515F30D]]></sign>
<time_end><![CDATA[20190227115738]]></time_end>
<total_fee>1</total_fee>
<trade_type><![CDATA[NATIVE]]></trade_type>
<transaction_id><![CDATA[4200000255201902272651622455]]></transaction_id>
</xml>
<<<<<<<